mode: set
golang-https-rev/cmd/gotsl/main.go:20.20,31.2 10 1
golang-https-rev/cmd/gotsl/main.go:33.13,34.49 1 0
golang-https-rev/cmd/gotsl/main.go:34.49,36.3 1 0
golang-https-rev/cmd/gotsl/main.go:39.39,42.20 2 1
golang-https-rev/cmd/gotsl/main.go:42.20,44.3 1 1
golang-https-rev/cmd/gotsl/main.go:46.2,51.16 5 0
golang-https-rev/cmd/gotsl/main.go:51.16,53.3 1 0
golang-https-rev/cmd/gotsl/main.go:54.2,67.16 6 0
golang-https-rev/cmd/gotsl/main.go:67.16,69.3 1 0
golang-https-rev/cmd/gotsl/main.go:70.2,74.12 4 0
golang-https-rev/cmd/gotsl/main.go:77.43,93.6 13 0
golang-https-rev/cmd/gotsl/main.go:93.6,95.26 2 0
golang-https-rev/cmd/gotsl/main.go:95.26,97.4 1 0
golang-https-rev/cmd/gotsl/main.go:99.3,100.17 2 0
golang-https-rev/cmd/gotsl/main.go:100.17,101.37 1 0
golang-https-rev/cmd/gotsl/main.go:101.37,103.13 2 0
golang-https-rev/cmd/gotsl/main.go:105.4,105.10 1 0
golang-https-rev/cmd/gotsl/main.go:108.3,109.18 2 0
golang-https-rev/cmd/gotsl/main.go:109.18,110.12 1 0
golang-https-rev/cmd/gotsl/main.go:112.3,117.26 4 0
golang-https-rev/cmd/gotsl/main.go:117.26,118.19 1 0
golang-https-rev/cmd/gotsl/main.go:119.21,121.26 2 0
golang-https-rev/cmd/gotsl/main.go:121.26,123.6 1 0
golang-https-rev/cmd/gotsl/main.go:123.11,125.35 2 0
golang-https-rev/cmd/gotsl/main.go:125.35,127.7 1 0
golang-https-rev/cmd/gotsl/main.go:128.6,128.19 1 0
golang-https-rev/cmd/gotsl/main.go:131.15,132.23 1 0
golang-https-rev/cmd/gotsl/main.go:132.23,134.14 2 0
golang-https-rev/cmd/gotsl/main.go:137.5,138.66 2 0
golang-https-rev/cmd/gotsl/main.go:138.66,140.14 2 0
golang-https-rev/cmd/gotsl/main.go:143.5,144.45 2 0
golang-https-rev/cmd/gotsl/main.go:144.45,148.6 3 0
golang-https-rev/cmd/gotsl/main.go:148.11,150.6 1 0
golang-https-rev/cmd/gotsl/main.go:152.16,153.11 1 0
golang-https-rev/cmd/gotsl/main.go:155.12,156.49 1 0
golang-https-rev/cmd/gotsl/main.go:158.9,159.21 1 0
golang-https-rev/cmd/gotsl/main.go:159.21,162.13 3 0
golang-https-rev/cmd/gotsl/main.go:166.4,166.43 1 0
golang-https-rev/cmd/gotsl/main.go:166.43,168.24 2 0
golang-https-rev/cmd/gotsl/main.go:168.24,170.14 2 0
golang-https-rev/cmd/gotsl/main.go:172.5,174.19 3 0
golang-https-rev/cmd/gotsl/main.go:174.19,176.14 2 0
golang-https-rev/cmd/gotsl/main.go:178.5,179.19 2 0
golang-https-rev/cmd/gotsl/main.go:179.19,181.14 2 0
golang-https-rev/cmd/gotsl/main.go:185.5,188.66 3 0
golang-https-rev/cmd/gotsl/main.go:188.66,191.14 3 0
golang-https-rev/cmd/gotsl/main.go:193.5,194.19 2 0
golang-https-rev/cmd/gotsl/main.go:194.19,197.14 3 0
golang-https-rev/cmd/gotsl/main.go:199.5,199.38 1 0
golang-https-rev/cmd/gotsl/main.go:199.38,202.14 3 0
golang-https-rev/cmd/gotsl/main.go:206.4,207.55 2 0
golang-https-rev/cmd/gotsl/main.go:207.55,209.24 2 0
golang-https-rev/cmd/gotsl/main.go:209.24,211.6 1 0
golang-https-rev/cmd/gotsl/main.go:212.5,215.66 4 0
golang-https-rev/cmd/gotsl/main.go:215.66,218.11 3 0
golang-https-rev/cmd/gotsl/main.go:220.5,221.19 2 0
golang-https-rev/cmd/gotsl/main.go:221.19,224.11 3 0
golang-https-rev/cmd/gotsl/main.go:226.5,226.38 1 0
golang-https-rev/cmd/gotsl/main.go:226.38,230.11 4 0
golang-https-rev/cmd/gotsl/main.go:232.5,232.70 1 0
golang-https-rev/cmd/gotsl/main.go:235.4,235.27 1 0
golang-https-rev/cmd/gotsl/main.go:235.27,236.13 1 0
golang-https-rev/cmd/gotsl/main.go:239.5,240.64 2 0
golang-https-rev/cmd/gotsl/main.go:240.64,243.14 3 0
golang-https-rev/cmd/gotsl/main.go:245.5,246.19 2 0
golang-https-rev/cmd/gotsl/main.go:246.19,249.14 3 0
golang-https-rev/cmd/gotsl/main.go:251.5,253.40 3 0
golang-https-rev/cmd/gotsl/main.go:253.40,255.6 1 0
golang-https-rev/cmd/gotsl/main.go:256.5,257.13 2 0
golang-https-rev/cmd/gotsl/main.go:260.4,260.45 1 0
golang-https-rev/cmd/gotsl/main.go:260.45,262.24 2 0
golang-https-rev/cmd/gotsl/main.go:262.24,264.14 2 0
golang-https-rev/cmd/gotsl/main.go:266.5,268.61 3 0
golang-https-rev/cmd/gotsl/main.go:268.61,271.14 3 0
golang-https-rev/cmd/gotsl/main.go:273.5,274.19 2 0
golang-https-rev/cmd/gotsl/main.go:274.19,277.14 3 0
golang-https-rev/cmd/gotsl/main.go:279.5,281.55 3 0
golang-https-rev/cmd/gotsl/main.go:281.55,283.14 2 0
golang-https-rev/cmd/gotsl/main.go:285.5,287.19 3 0
golang-https-rev/cmd/gotsl/main.go:287.19,289.14 2 0
golang-https-rev/cmd/gotsl/main.go:291.5,291.66 1 0
golang-https-rev/cmd/gotsl/main.go:291.66,293.14 2 0
golang-https-rev/cmd/gotsl/main.go:295.5,296.13 2 0
golang-https-rev/cmd/gotsl/main.go:299.4,299.62 1 0
golang-https-rev/cmd/gotsl/main.go:299.62,302.13 3 0
golang-https-rev/cmd/gotsl/main.go:305.4,306.18 2 0
golang-https-rev/cmd/gotsl/main.go:306.18,309.13 3 0
golang-https-rev/cmd/gotsl/main.go:312.4,314.39 3 0
golang-https-rev/cmd/gotsl/main.go:314.39,316.5 1 0
golang-https-rev/cmd/gotsr/main.go:13.20,24.2 10 1
golang-https-rev/cmd/gotsr/main.go:26.13,27.47 1 0
golang-https-rev/cmd/gotsr/main.go:27.47,29.3 1 0
golang-https-rev/cmd/gotsr/main.go:32.37,35.20 2 1
golang-https-rev/cmd/gotsr/main.go:35.20,37.3 1 1
golang-https-rev/cmd/gotsr/main.go:39.2,49.12 9 0
golang-https-rev/cmd/gotsr/main.go:52.54,56.6 3 0
golang-https-rev/cmd/gotsr/main.go:56.6,58.38 2 0
golang-https-rev/cmd/gotsr/main.go:58.38,61.22 2 0
golang-https-rev/cmd/gotsr/main.go:61.22,63.30 2 0
golang-https-rev/cmd/gotsr/main.go:63.30,66.6 2 0
golang-https-rev/cmd/gotsr/main.go:69.4,72.31 4 0
golang-https-rev/cmd/gotsr/main.go:72.31,74.5 1 0
golang-https-rev/cmd/gotsr/main.go:75.4,75.12 1 0
golang-https-rev/cmd/gotsr/main.go:78.3,78.45 1 0
golang-https-rev/cmd/gotsr/main.go:78.45,82.22 3 0
golang-https-rev/cmd/gotsr/main.go:82.22,84.30 2 0
golang-https-rev/cmd/gotsr/main.go:84.30,87.6 2 0
golang-https-rev/cmd/gotsr/main.go:90.4,93.31 4 0
golang-https-rev/cmd/gotsr/main.go:93.31,95.5 1 0
golang-https-rev/pkg/certs/certs.go:16.56,18.16 2 1
golang-https-rev/pkg/certs/certs.go:18.16,20.3 1 0
golang-https-rev/pkg/certs/certs.go:22.2,26.16 4 1
golang-https-rev/pkg/certs/certs.go:26.16,28.3 1 0
golang-https-rev/pkg/certs/certs.go:30.2,44.16 3 1
golang-https-rev/pkg/certs/certs.go:44.16,46.3 1 0
golang-https-rev/pkg/certs/certs.go:48.2,52.16 4 1
golang-https-rev/pkg/certs/certs.go:52.16,54.3 1 0
golang-https-rev/pkg/certs/certs.go:56.2,56.18 1 1
golang-https-rev/pkg/client/command_handlers.go:16.52,19.2 2 1
golang-https-rev/pkg/client/command_handlers.go:22.73,24.21 2 1
golang-https-rev/pkg/client/command_handlers.go:24.21,28.3 3 1
golang-https-rev/pkg/client/command_handlers.go:29.2,33.26 5 1
golang-https-rev/pkg/client/command_handlers.go:37.73,38.32 1 1
golang-https-rev/pkg/client/command_handlers.go:38.32,42.3 3 1
golang-https-rev/pkg/client/command_handlers.go:43.2,46.26 4 1
golang-https-rev/pkg/client/command_handlers.go:50.71,52.21 2 1
golang-https-rev/pkg/client/command_handlers.go:52.21,56.3 3 1
golang-https-rev/pkg/client/command_handlers.go:58.2,58.32 1 0
golang-https-rev/pkg/client/command_handlers.go:58.32,62.3 3 0
golang-https-rev/pkg/client/command_handlers.go:65.2,66.40 2 0
golang-https-rev/pkg/client/command_handlers.go:66.40,68.17 2 0
golang-https-rev/pkg/client/command_handlers.go:68.17,72.4 3 0
golang-https-rev/pkg/client/command_handlers.go:73.3,73.63 1 0
golang-https-rev/pkg/client/command_handlers.go:77.2,78.16 2 0
golang-https-rev/pkg/client/command_handlers.go:78.16,82.3 3 0
golang-https-rev/pkg/client/command_handlers.go:84.2,91.12 6 0
golang-https-rev/pkg/client/command_handlers.go:95.70,97.21 2 1
golang-https-rev/pkg/client/command_handlers.go:97.21,101.3 3 1
golang-https-rev/pkg/client/command_handlers.go:103.2,105.16 3 1
golang-https-rev/pkg/client/command_handlers.go:105.16,109.3 3 1
golang-https-rev/pkg/client/command_handlers.go:112.2,113.16 2 1
golang-https-rev/pkg/client/command_handlers.go:113.16,117.3 3 0
golang-https-rev/pkg/client/command_handlers.go:119.2,120.26 2 1
golang-https-rev/pkg/client/command_handlers.go:124.52,126.2 1 1
golang-https-rev/pkg/client/command_handlers.go:129.67,132.31 2 1
golang-https-rev/pkg/client/command_handlers.go:132.31,134.3 1 0
golang-https-rev/pkg/client/command_handlers.go:134.8,136.3 1 1
golang-https-rev/pkg/client/command_handlers.go:138.2,139.16 2 1
golang-https-rev/pkg/client/command_handlers.go:139.16,142.3 1 1
golang-https-rev/pkg/client/command_handlers.go:144.2,145.26 2 1
golang-https-rev/pkg/client/command_handlers.go:149.90,151.33 1 1
golang-https-rev/pkg/client/command_handlers.go:151.33,153.3 1 1
golang-https-rev/pkg/client/command_handlers.go:156.2,156.61 1 1
golang-https-rev/pkg/client/command_handlers.go:156.61,158.3 1 0
golang-https-rev/pkg/client/command_handlers.go:158.8,160.3 1 1
golang-https-rev/pkg/client/command_handlers.go:162.2,162.33 1 1
golang-https-rev/pkg/client/command_handlers.go:162.33,164.3 1 1
golang-https-rev/pkg/client/command_handlers.go:167.2,167.61 1 1
golang-https-rev/pkg/client/command_handlers.go:167.61,169.3 1 1
golang-https-rev/pkg/client/command_handlers.go:171.2,171.61 1 1
golang-https-rev/pkg/client/command_handlers.go:171.61,173.3 1 0
golang-https-rev/pkg/client/command_handlers.go:175.2,175.59 1 1
golang-https-rev/pkg/client/command_handlers.go:175.59,177.3 1 0
golang-https-rev/pkg/client/command_handlers.go:179.2,179.58 1 1
golang-https-rev/pkg/client/command_handlers.go:179.58,181.3 1 0
golang-https-rev/pkg/client/command_handlers.go:184.2,184.45 1 1
golang-https-rev/pkg/client/reverse.go:31.53,33.2 1 1
golang-https-rev/pkg/client/reverse.go:36.42,40.15 2 1
golang-https-rev/pkg/client/reverse.go:40.15,42.2 1 1
golang-https-rev/pkg/client/reverse.go:44.1,48.11 5 1
golang-https-rev/pkg/client/reverse.go:52.45,54.2 1 1
golang-https-rev/pkg/client/reverse.go:57.40,58.19 1 1
golang-https-rev/pkg/client/reverse.go:58.19,60.2 1 0
golang-https-rev/pkg/client/reverse.go:61.1,62.23 2 1
golang-https-rev/pkg/client/reverse.go:66.64,68.15 2 1
golang-https-rev/pkg/client/reverse.go:68.15,70.2 1 0
golang-https-rev/pkg/client/reverse.go:71.1,71.14 1 1
golang-https-rev/pkg/client/reverse.go:75.58,78.30 2 1
golang-https-rev/pkg/client/reverse.go:78.30,80.2 1 0
golang-https-rev/pkg/client/reverse.go:80.7,82.2 1 1
golang-https-rev/pkg/client/reverse.go:84.1,85.15 2 1
golang-https-rev/pkg/client/reverse.go:85.15,87.2 1 0
golang-https-rev/pkg/client/reverse.go:88.1,88.27 1 1
golang-https-rev/pkg/client/reverse.go:92.49,95.5 2 0
golang-https-rev/pkg/client/reverse.go:95.5,103.40 5 0
golang-https-rev/pkg/client/reverse.go:103.40,105.45 1 0
golang-https-rev/pkg/client/reverse.go:105.45,107.2 1 0
golang-https-rev/pkg/client/reverse.go:108.1,108.9 1 0
golang-https-rev/pkg/client/reverse.go:111.1,111.15 1 0
golang-https-rev/pkg/client/reverse.go:111.15,112.18 1 0
golang-https-rev/pkg/client/reverse.go:112.18,114.2 1 0
golang-https-rev/pkg/client/reverse.go:115.1,115.76 1 0
golang-https-rev/pkg/client/reverse.go:115.76,116.9 1 0
golang-https-rev/pkg/client/reverse.go:118.1,118.41 1 0
golang-https-rev/pkg/client/reverse.go:121.1,123.18 3 0
golang-https-rev/pkg/client/reverse.go:123.18,124.9 1 0
golang-https-rev/pkg/client/reverse.go:128.1,129.15 2 0
golang-https-rev/pkg/client/reverse.go:129.15,131.9 2 0
golang-https-rev/pkg/client/reverse.go:133.1,133.20 1 0
golang-https-rev/pkg/client/reverse.go:133.20,135.2 1 0
golang-https-rev/pkg/compression/compression.go:15.49,18.42 3 1
golang-https-rev/pkg/compression/compression.go:18.42,20.3 1 0
golang-https-rev/pkg/compression/compression.go:21.2,21.35 1 1
golang-https-rev/pkg/compression/compression.go:21.35,23.3 1 0
golang-https-rev/pkg/compression/compression.go:24.2,24.45 1 1
golang-https-rev/pkg/compression/compression.go:29.52,31.16 2 1
golang-https-rev/pkg/compression/compression.go:31.16,33.3 1 1
golang-https-rev/pkg/compression/compression.go:35.2,36.16 2 1
golang-https-rev/pkg/compression/compression.go:36.16,38.3 1 1
golang-https-rev/pkg/compression/compression.go:39.2,42.16 3 1
golang-https-rev/pkg/compression/compression.go:42.16,44.3 1 0
golang-https-rev/pkg/compression/compression.go:46.2,46.18 1 1
golang-https-rev/pkg/server/listener.go:32.82,41.2 1 1
golang-https-rev/pkg/server/listener.go:45.50,50.16 4 1
golang-https-rev/pkg/server/listener.go:50.16,52.3 1 0
golang-https-rev/pkg/server/listener.go:54.2,55.22 2 1
golang-https-rev/pkg/server/listener.go:59.61,60.6 1 1
golang-https-rev/pkg/server/listener.go:60.6,62.17 2 1
golang-https-rev/pkg/server/listener.go:62.17,64.12 2 1
golang-https-rev/pkg/server/listener.go:66.3,66.26 1 1
golang-https-rev/pkg/server/listener.go:71.48,86.15 12 1
golang-https-rev/pkg/server/listener.go:86.15,96.3 9 1
golang-https-rev/pkg/server/listener.go:98.2,105.12 4 1
golang-https-rev/pkg/server/listener.go:105.12,107.7 2 1
golang-https-rev/pkg/server/listener.go:107.7,114.43 3 1
golang-https-rev/pkg/server/listener.go:114.43,115.54 1 0
golang-https-rev/pkg/server/listener.go:115.54,118.6 2 0
golang-https-rev/pkg/server/listener.go:119.5,119.13 1 0
golang-https-rev/pkg/server/listener.go:122.4,122.18 1 1
golang-https-rev/pkg/server/listener.go:122.18,123.22 1 1
golang-https-rev/pkg/server/listener.go:123.22,125.6 1 0
golang-https-rev/pkg/server/listener.go:126.5,127.11 2 1
golang-https-rev/pkg/server/listener.go:131.4,131.77 1 0
golang-https-rev/pkg/server/listener.go:131.77,134.12 2 0
golang-https-rev/pkg/server/listener.go:135.35,135.35 0 0
golang-https-rev/pkg/server/listener.go:137.13,139.95 1 0
golang-https-rev/pkg/server/listener.go:141.5,141.27 1 0
golang-https-rev/pkg/server/listener.go:147.2,151.6 4 1
golang-https-rev/pkg/server/listener.go:151.6,152.10 1 1
golang-https-rev/pkg/server/listener.go:153.29,154.11 1 1
golang-https-rev/pkg/server/listener.go:154.11,156.5 1 0
golang-https-rev/pkg/server/listener.go:157.4,160.31 3 1
golang-https-rev/pkg/server/listener.go:160.31,162.5 1 0
golang-https-rev/pkg/server/listener.go:163.23,165.10 2 1
golang-https-rev/pkg/server/listener.go:166.29,167.22 1 1
golang-https-rev/pkg/server/listener.go:168.23,170.19 1 0
golang-https-rev/pkg/server/listener.go:170.19,173.5 2 0
golang-https-rev/pkg/server/listener.go:179.42,184.40 4 1
golang-https-rev/pkg/server/listener.go:184.40,186.3 1 1
golang-https-rev/pkg/server/listener.go:187.2,187.16 1 1
golang-https-rev/pkg/server/listener.go:192.62,198.13 5 1
golang-https-rev/pkg/server/listener.go:198.13,200.3 1 1
golang-https-rev/pkg/server/listener.go:203.2,203.17 1 1
golang-https-rev/pkg/server/listener.go:203.17,204.10 1 1
golang-https-rev/pkg/server/listener.go:205.26,205.26 0 1
golang-https-rev/pkg/server/listener.go:206.11,206.11 0 1
golang-https-rev/pkg/server/listener.go:210.2,210.9 1 1
golang-https-rev/pkg/server/listener.go:211.22,212.13 1 1
golang-https-rev/pkg/server/listener.go:213.60,214.47 1 0
golang-https-rev/pkg/server/listener.go:220.90,226.13 5 1
golang-https-rev/pkg/server/listener.go:226.13,228.3 1 1
golang-https-rev/pkg/server/listener.go:231.2,231.15 1 1
golang-https-rev/pkg/server/listener.go:231.15,232.18 1 1
golang-https-rev/pkg/server/listener.go:232.18,233.11 1 1
golang-https-rev/pkg/server/listener.go:234.28,234.28 0 1
golang-https-rev/pkg/server/listener.go:235.12,235.12 0 0
golang-https-rev/pkg/server/listener.go:240.2,240.9 1 1
golang-https-rev/pkg/server/listener.go:241.26,242.19 1 0
golang-https-rev/pkg/server/listener.go:243.29,244.56 1 1
golang-https-rev/pkg/server/listener.go:249.56,254.40 4 1
golang-https-rev/pkg/server/listener.go:254.40,256.3 1 0
golang-https-rev/pkg/server/listener.go:258.2,258.16 1 1
