mode: set
golang-https-rev/cmd/gotsl/main.go:20.20,31.2 10 1
golang-https-rev/cmd/gotsl/main.go:33.13,34.49 1 0
golang-https-rev/cmd/gotsl/main.go:34.49,36.3 1 0
golang-https-rev/cmd/gotsl/main.go:39.39,42.20 2 1
golang-https-rev/cmd/gotsl/main.go:42.20,44.3 1 1
golang-https-rev/cmd/gotsl/main.go:46.2,51.16 5 0
golang-https-rev/cmd/gotsl/main.go:51.16,53.3 1 0
golang-https-rev/cmd/gotsl/main.go:54.2,67.16 6 0
golang-https-rev/cmd/gotsl/main.go:67.16,69.3 1 0
golang-https-rev/cmd/gotsl/main.go:70.2,74.12 4 0
golang-https-rev/cmd/gotsl/main.go:83.43,92.6 6 0
golang-https-rev/cmd/gotsl/main.go:92.6,94.26 2 0
golang-https-rev/cmd/gotsl/main.go:94.26,96.4 1 0
golang-https-rev/cmd/gotsl/main.go:98.3,99.17 2 0
golang-https-rev/cmd/gotsl/main.go:99.17,100.37 1 0
golang-https-rev/cmd/gotsl/main.go:100.37,102.13 2 0
golang-https-rev/cmd/gotsl/main.go:104.4,104.10 1 0
golang-https-rev/cmd/gotsl/main.go:107.3,108.18 2 0
golang-https-rev/cmd/gotsl/main.go:108.18,109.12 1 0
golang-https-rev/cmd/gotsl/main.go:111.3,116.26 4 0
golang-https-rev/cmd/gotsl/main.go:116.26,117.19 1 0
golang-https-rev/cmd/gotsl/main.go:118.21,119.19 1 0
golang-https-rev/cmd/gotsl/main.go:120.15,121.40 1 0
golang-https-rev/cmd/gotsl/main.go:122.16,123.11 1 0
golang-https-rev/cmd/gotsl/main.go:124.12,125.49 1 0
golang-https-rev/cmd/gotsl/main.go:127.9,128.21 1 0
golang-https-rev/cmd/gotsl/main.go:128.21,131.13 3 0
golang-https-rev/cmd/gotsl/main.go:134.4,134.43 1 0
golang-https-rev/cmd/gotsl/main.go:134.43,135.47 1 0
golang-https-rev/cmd/gotsl/main.go:135.47,137.6 1 0
golang-https-rev/cmd/gotsl/main.go:138.5,138.13 1 0
golang-https-rev/cmd/gotsl/main.go:141.4,141.45 1 0
golang-https-rev/cmd/gotsl/main.go:141.45,142.49 1 0
golang-https-rev/cmd/gotsl/main.go:142.49,144.6 1 0
golang-https-rev/cmd/gotsl/main.go:145.5,145.13 1 0
golang-https-rev/cmd/gotsl/main.go:148.4,148.50 1 0
golang-https-rev/cmd/gotsl/main.go:148.50,150.5 1 0
golang-https-rev/cmd/gotsl/main.go:155.18,164.2 8 0
golang-https-rev/cmd/gotsl/main.go:166.39,168.23 2 1
golang-https-rev/cmd/gotsl/main.go:168.23,170.3 1 1
golang-https-rev/cmd/gotsl/main.go:170.8,172.32 2 1
golang-https-rev/cmd/gotsl/main.go:172.32,174.4 1 1
golang-https-rev/cmd/gotsl/main.go:175.3,175.16 1 1
golang-https-rev/cmd/gotsl/main.go:179.60,180.20 1 1
golang-https-rev/cmd/gotsl/main.go:180.20,183.3 2 1
golang-https-rev/cmd/gotsl/main.go:185.2,186.63 2 1
golang-https-rev/cmd/gotsl/main.go:186.63,189.3 2 1
golang-https-rev/cmd/gotsl/main.go:191.2,192.42 2 1
golang-https-rev/cmd/gotsl/main.go:192.42,197.3 4 1
golang-https-rev/cmd/gotsl/main.go:199.2,200.11 2 1
golang-https-rev/cmd/gotsl/main.go:203.83,204.21 1 1
golang-https-rev/cmd/gotsl/main.go:204.21,207.3 2 1
golang-https-rev/cmd/gotsl/main.go:209.2,211.16 3 1
golang-https-rev/cmd/gotsl/main.go:211.16,214.3 2 1
golang-https-rev/cmd/gotsl/main.go:216.2,217.16 2 1
golang-https-rev/cmd/gotsl/main.go:217.16,220.3 2 0
golang-https-rev/cmd/gotsl/main.go:222.2,224.63 3 1
golang-https-rev/cmd/gotsl/main.go:224.63,227.3 2 1
golang-https-rev/cmd/gotsl/main.go:229.2,230.16 2 1
golang-https-rev/cmd/gotsl/main.go:230.16,233.3 2 0
golang-https-rev/cmd/gotsl/main.go:234.2,234.35 1 1
golang-https-rev/cmd/gotsl/main.go:234.35,237.3 2 0
golang-https-rev/cmd/gotsl/main.go:239.2,240.53 2 1
golang-https-rev/cmd/gotsl/main.go:240.53,242.22 2 1
golang-https-rev/cmd/gotsl/main.go:242.22,244.4 1 1
golang-https-rev/cmd/gotsl/main.go:245.3,248.64 4 1
golang-https-rev/cmd/gotsl/main.go:248.64,251.4 2 0
golang-https-rev/cmd/gotsl/main.go:252.3,253.17 2 1
golang-https-rev/cmd/gotsl/main.go:253.17,256.4 2 0
golang-https-rev/cmd/gotsl/main.go:257.3,257.36 1 1
golang-https-rev/cmd/gotsl/main.go:257.36,261.4 3 0
golang-https-rev/cmd/gotsl/main.go:262.3,262.68 1 1
golang-https-rev/cmd/gotsl/main.go:265.2,266.61 2 1
golang-https-rev/cmd/gotsl/main.go:266.61,269.3 2 0
golang-https-rev/cmd/gotsl/main.go:271.2,272.16 2 1
golang-https-rev/cmd/gotsl/main.go:272.16,275.3 2 0
golang-https-rev/cmd/gotsl/main.go:277.2,279.37 3 1
golang-https-rev/cmd/gotsl/main.go:279.37,281.3 1 1
golang-https-rev/cmd/gotsl/main.go:282.2,283.13 2 1
golang-https-rev/cmd/gotsl/main.go:286.85,287.21 1 1
golang-https-rev/cmd/gotsl/main.go:287.21,290.3 2 1
golang-https-rev/cmd/gotsl/main.go:292.2,294.58 3 1
golang-https-rev/cmd/gotsl/main.go:294.58,297.3 2 1
golang-https-rev/cmd/gotsl/main.go:299.2,300.16 2 1
golang-https-rev/cmd/gotsl/main.go:300.16,303.3 2 0
golang-https-rev/cmd/gotsl/main.go:305.2,307.52 3 1
golang-https-rev/cmd/gotsl/main.go:307.52,310.3 2 1
golang-https-rev/cmd/gotsl/main.go:312.2,314.16 3 1
golang-https-rev/cmd/gotsl/main.go:314.16,317.3 2 1
golang-https-rev/cmd/gotsl/main.go:319.2,319.63 1 0
golang-https-rev/cmd/gotsl/main.go:319.63,322.3 2 0
golang-https-rev/cmd/gotsl/main.go:324.2,325.13 2 0
golang-https-rev/cmd/gotsl/main.go:328.78,329.60 1 1
golang-https-rev/cmd/gotsl/main.go:329.60,332.3 2 1
golang-https-rev/cmd/gotsl/main.go:334.2,335.16 2 1
golang-https-rev/cmd/gotsl/main.go:335.16,338.3 2 1
golang-https-rev/cmd/gotsl/main.go:340.2,342.37 3 1
golang-https-rev/cmd/gotsl/main.go:342.37,344.3 1 1
golang-https-rev/cmd/gotsl/main.go:345.2,345.13 1 1
golang-https-rev/cmd/gotsr/main.go:13.20,24.2 10 1
golang-https-rev/cmd/gotsr/main.go:26.13,27.47 1 0
golang-https-rev/cmd/gotsr/main.go:27.47,29.3 1 0
golang-https-rev/cmd/gotsr/main.go:32.37,35.20 2 1
golang-https-rev/cmd/gotsr/main.go:35.20,37.3 1 1
golang-https-rev/cmd/gotsr/main.go:39.2,48.68 8 0
golang-https-rev/cmd/gotsr/main.go:48.68,48.105 1 0
golang-https-rev/cmd/gotsr/main.go:49.2,49.12 1 0
golang-https-rev/cmd/gotsr/main.go:60.106,64.6 3 1
golang-https-rev/cmd/gotsr/main.go:64.6,66.38 2 1
golang-https-rev/cmd/gotsr/main.go:66.38,69.22 2 1
golang-https-rev/cmd/gotsr/main.go:69.22,71.30 2 1
golang-https-rev/cmd/gotsr/main.go:71.30,74.6 2 1
golang-https-rev/cmd/gotsr/main.go:77.4,78.20 2 1
golang-https-rev/cmd/gotsr/main.go:78.20,80.5 1 1
golang-https-rev/cmd/gotsr/main.go:80.10,82.5 1 0
golang-https-rev/cmd/gotsr/main.go:83.4,84.31 2 1
golang-https-rev/cmd/gotsr/main.go:84.31,86.5 1 0
golang-https-rev/cmd/gotsr/main.go:87.4,87.12 1 1
golang-https-rev/cmd/gotsr/main.go:90.3,90.45 1 1
golang-https-rev/cmd/gotsr/main.go:90.45,94.22 3 1
golang-https-rev/cmd/gotsr/main.go:94.22,96.30 2 1
golang-https-rev/cmd/gotsr/main.go:96.30,99.6 2 0
golang-https-rev/cmd/gotsr/main.go:102.4,103.20 2 1
golang-https-rev/cmd/gotsr/main.go:103.20,105.5 1 1
golang-https-rev/cmd/gotsr/main.go:105.10,107.5 1 0
golang-https-rev/cmd/gotsr/main.go:108.4,109.31 2 1
golang-https-rev/cmd/gotsr/main.go:109.31,111.5 1 0
golang-https-rev/pkg/certs/certs.go:16.56,18.16 2 1
golang-https-rev/pkg/certs/certs.go:18.16,20.3 1 1
golang-https-rev/pkg/certs/certs.go:22.2,26.16 4 1
golang-https-rev/pkg/certs/certs.go:26.16,28.3 1 0
golang-https-rev/pkg/certs/certs.go:30.2,44.16 3 1
golang-https-rev/pkg/certs/certs.go:44.16,46.3 1 0
golang-https-rev/pkg/certs/certs.go:48.2,52.16 4 1
golang-https-rev/pkg/certs/certs.go:52.16,54.3 1 0
golang-https-rev/pkg/certs/certs.go:56.2,56.18 1 1
golang-https-rev/pkg/client/command_handlers.go:16.52,19.2 2 1
golang-https-rev/pkg/client/command_handlers.go:22.73,24.21 2 1
golang-https-rev/pkg/client/command_handlers.go:24.21,28.3 3 1
golang-https-rev/pkg/client/command_handlers.go:29.2,33.26 5 1
golang-https-rev/pkg/client/command_handlers.go:37.73,38.32 1 1
golang-https-rev/pkg/client/command_handlers.go:38.32,42.3 3 1
golang-https-rev/pkg/client/command_handlers.go:43.2,46.26 4 1
golang-https-rev/pkg/client/command_handlers.go:50.71,52.21 2 1
golang-https-rev/pkg/client/command_handlers.go:52.21,56.3 3 1
golang-https-rev/pkg/client/command_handlers.go:58.2,58.32 1 0
golang-https-rev/pkg/client/command_handlers.go:58.32,62.3 3 0
golang-https-rev/pkg/client/command_handlers.go:65.2,66.40 2 0
golang-https-rev/pkg/client/command_handlers.go:66.40,68.17 2 0
golang-https-rev/pkg/client/command_handlers.go:68.17,72.4 3 0
golang-https-rev/pkg/client/command_handlers.go:73.3,73.63 1 0
golang-https-rev/pkg/client/command_handlers.go:77.2,78.16 2 0
golang-https-rev/pkg/client/command_handlers.go:78.16,82.3 3 0
golang-https-rev/pkg/client/command_handlers.go:84.2,91.12 6 0
golang-https-rev/pkg/client/command_handlers.go:95.70,97.21 2 1
golang-https-rev/pkg/client/command_handlers.go:97.21,101.3 3 1
golang-https-rev/pkg/client/command_handlers.go:103.2,105.16 3 1
golang-https-rev/pkg/client/command_handlers.go:105.16,109.3 3 1
golang-https-rev/pkg/client/command_handlers.go:112.2,113.16 2 1
golang-https-rev/pkg/client/command_handlers.go:113.16,117.3 3 0
golang-https-rev/pkg/client/command_handlers.go:119.2,120.26 2 1
golang-https-rev/pkg/client/command_handlers.go:124.52,126.2 1 1
golang-https-rev/pkg/client/command_handlers.go:129.67,132.31 2 1
golang-https-rev/pkg/client/command_handlers.go:132.31,134.3 1 0
golang-https-rev/pkg/client/command_handlers.go:134.8,136.3 1 1
golang-https-rev/pkg/client/command_handlers.go:138.2,139.16 2 1
golang-https-rev/pkg/client/command_handlers.go:139.16,142.3 1 1
golang-https-rev/pkg/client/command_handlers.go:144.2,145.26 2 1
golang-https-rev/pkg/client/command_handlers.go:149.90,151.33 1 1
golang-https-rev/pkg/client/command_handlers.go:151.33,153.3 1 1
golang-https-rev/pkg/client/command_handlers.go:156.2,156.61 1 1
golang-https-rev/pkg/client/command_handlers.go:156.61,158.3 1 0
golang-https-rev/pkg/client/command_handlers.go:158.8,160.3 1 1
golang-https-rev/pkg/client/command_handlers.go:162.2,162.33 1 1
golang-https-rev/pkg/client/command_handlers.go:162.33,164.3 1 1
golang-https-rev/pkg/client/command_handlers.go:167.2,167.61 1 1
golang-https-rev/pkg/client/command_handlers.go:167.61,169.3 1 1
golang-https-rev/pkg/client/command_handlers.go:171.2,171.61 1 1
golang-https-rev/pkg/client/command_handlers.go:171.61,173.3 1 0
golang-https-rev/pkg/client/command_handlers.go:175.2,175.59 1 1
golang-https-rev/pkg/client/command_handlers.go:175.59,177.3 1 0
golang-https-rev/pkg/client/command_handlers.go:179.2,179.58 1 1
golang-https-rev/pkg/client/command_handlers.go:179.58,181.3 1 0
golang-https-rev/pkg/client/command_handlers.go:184.2,184.45 1 1
golang-https-rev/pkg/client/reverse.go:31.53,33.2 1 1
golang-https-rev/pkg/client/reverse.go:36.42,40.15 2 1
golang-https-rev/pkg/client/reverse.go:40.15,42.2 1 1
golang-https-rev/pkg/client/reverse.go:44.1,48.11 5 1
golang-https-rev/pkg/client/reverse.go:52.45,54.2 1 1
golang-https-rev/pkg/client/reverse.go:57.40,58.19 1 1
golang-https-rev/pkg/client/reverse.go:58.19,60.2 1 0
golang-https-rev/pkg/client/reverse.go:61.1,62.23 2 1
golang-https-rev/pkg/client/reverse.go:66.64,68.15 2 1
golang-https-rev/pkg/client/reverse.go:68.15,70.2 1 0
golang-https-rev/pkg/client/reverse.go:71.1,71.14 1 1
golang-https-rev/pkg/client/reverse.go:75.58,78.30 2 1
golang-https-rev/pkg/client/reverse.go:78.30,80.2 1 0
golang-https-rev/pkg/client/reverse.go:80.7,82.2 1 1
golang-https-rev/pkg/client/reverse.go:84.1,85.15 2 1
golang-https-rev/pkg/client/reverse.go:85.15,87.2 1 0
golang-https-rev/pkg/client/reverse.go:88.1,88.27 1 1
golang-https-rev/pkg/client/reverse.go:92.49,95.5 2 1
golang-https-rev/pkg/client/reverse.go:95.5,97.19 1 1
golang-https-rev/pkg/client/reverse.go:97.19,99.2 1 0
golang-https-rev/pkg/client/reverse.go:100.1,101.19 2 1
golang-https-rev/pkg/client/reverse.go:101.19,103.2 1 0
golang-https-rev/pkg/client/reverse.go:105.1,107.40 2 1
golang-https-rev/pkg/client/reverse.go:107.40,109.45 1 0
golang-https-rev/pkg/client/reverse.go:109.45,111.2 1 0
golang-https-rev/pkg/client/reverse.go:112.1,112.9 1 0
golang-https-rev/pkg/client/reverse.go:115.1,115.15 1 1
golang-https-rev/pkg/client/reverse.go:115.15,116.18 1 1
golang-https-rev/pkg/client/reverse.go:116.18,118.2 1 1
golang-https-rev/pkg/client/reverse.go:119.1,119.76 1 0
golang-https-rev/pkg/client/reverse.go:119.76,120.9 1 0
golang-https-rev/pkg/client/reverse.go:122.1,122.41 1 0
golang-https-rev/pkg/client/reverse.go:125.1,127.18 3 1
golang-https-rev/pkg/client/reverse.go:127.18,128.9 1 0
golang-https-rev/pkg/client/reverse.go:132.1,133.15 2 1
golang-https-rev/pkg/client/reverse.go:133.15,135.9 2 0
golang-https-rev/pkg/client/reverse.go:137.1,137.20 1 1
golang-https-rev/pkg/client/reverse.go:137.20,139.2 1 1
golang-https-rev/pkg/compression/compression.go:15.49,18.42 3 1
golang-https-rev/pkg/compression/compression.go:18.42,20.3 1 0
golang-https-rev/pkg/compression/compression.go:21.2,21.35 1 1
golang-https-rev/pkg/compression/compression.go:21.35,23.3 1 0
golang-https-rev/pkg/compression/compression.go:24.2,24.45 1 1
golang-https-rev/pkg/compression/compression.go:29.52,31.16 2 1
golang-https-rev/pkg/compression/compression.go:31.16,33.3 1 1
golang-https-rev/pkg/compression/compression.go:35.2,36.16 2 1
golang-https-rev/pkg/compression/compression.go:36.16,38.3 1 1
golang-https-rev/pkg/compression/compression.go:39.2,42.16 3 1
golang-https-rev/pkg/compression/compression.go:42.16,44.3 1 0
golang-https-rev/pkg/compression/compression.go:46.2,46.18 1 1
golang-https-rev/pkg/server/listener.go:32.82,41.2 1 1
golang-https-rev/pkg/server/listener.go:45.50,50.16 4 1
golang-https-rev/pkg/server/listener.go:50.16,52.3 1 0
golang-https-rev/pkg/server/listener.go:54.2,55.22 2 1
golang-https-rev/pkg/server/listener.go:59.61,60.6 1 1
golang-https-rev/pkg/server/listener.go:60.6,62.17 2 1
golang-https-rev/pkg/server/listener.go:62.17,64.12 2 1
golang-https-rev/pkg/server/listener.go:66.3,66.26 1 1
golang-https-rev/pkg/server/listener.go:71.48,86.15 12 1
golang-https-rev/pkg/server/listener.go:86.15,96.3 9 1
golang-https-rev/pkg/server/listener.go:98.2,105.12 4 1
golang-https-rev/pkg/server/listener.go:105.12,107.7 2 1
golang-https-rev/pkg/server/listener.go:107.7,114.43 3 1
golang-https-rev/pkg/server/listener.go:114.43,115.54 1 0
golang-https-rev/pkg/server/listener.go:115.54,118.6 2 0
golang-https-rev/pkg/server/listener.go:119.5,119.13 1 0
golang-https-rev/pkg/server/listener.go:122.4,122.18 1 1
golang-https-rev/pkg/server/listener.go:122.18,123.22 1 1
golang-https-rev/pkg/server/listener.go:123.22,125.6 1 0
golang-https-rev/pkg/server/listener.go:126.5,127.11 2 1
golang-https-rev/pkg/server/listener.go:131.4,131.77 1 0
golang-https-rev/pkg/server/listener.go:131.77,134.12 2 0
golang-https-rev/pkg/server/listener.go:135.35,135.35 0 0
golang-https-rev/pkg/server/listener.go:137.13,139.95 1 0
golang-https-rev/pkg/server/listener.go:141.5,141.27 1 0
golang-https-rev/pkg/server/listener.go:147.2,151.6 4 1
golang-https-rev/pkg/server/listener.go:151.6,152.10 1 1
golang-https-rev/pkg/server/listener.go:153.29,154.11 1 1
golang-https-rev/pkg/server/listener.go:154.11,156.5 1 0
golang-https-rev/pkg/server/listener.go:157.4,160.31 3 1
golang-https-rev/pkg/server/listener.go:160.31,162.5 1 0
golang-https-rev/pkg/server/listener.go:163.23,165.10 2 1
golang-https-rev/pkg/server/listener.go:166.29,167.22 1 1
golang-https-rev/pkg/server/listener.go:168.23,170.19 1 0
golang-https-rev/pkg/server/listener.go:170.19,173.5 2 0
golang-https-rev/pkg/server/listener.go:179.42,184.40 4 1
golang-https-rev/pkg/server/listener.go:184.40,186.3 1 1
golang-https-rev/pkg/server/listener.go:187.2,187.16 1 1
golang-https-rev/pkg/server/listener.go:192.62,198.13 5 1
golang-https-rev/pkg/server/listener.go:198.13,200.3 1 1
golang-https-rev/pkg/server/listener.go:203.2,203.17 1 1
golang-https-rev/pkg/server/listener.go:203.17,204.10 1 1
golang-https-rev/pkg/server/listener.go:205.26,205.26 0 1
golang-https-rev/pkg/server/listener.go:206.11,206.11 0 1
golang-https-rev/pkg/server/listener.go:210.2,210.9 1 1
golang-https-rev/pkg/server/listener.go:211.22,212.13 1 1
golang-https-rev/pkg/server/listener.go:213.60,214.47 1 0
golang-https-rev/pkg/server/listener.go:220.90,226.13 5 1
golang-https-rev/pkg/server/listener.go:226.13,228.3 1 1
golang-https-rev/pkg/server/listener.go:231.2,231.15 1 1
golang-https-rev/pkg/server/listener.go:231.15,232.18 1 1
golang-https-rev/pkg/server/listener.go:232.18,233.11 1 1
golang-https-rev/pkg/server/listener.go:234.28,234.28 0 1
golang-https-rev/pkg/server/listener.go:235.12,235.12 0 0
golang-https-rev/pkg/server/listener.go:240.2,240.9 1 1
golang-https-rev/pkg/server/listener.go:241.26,242.19 1 0
golang-https-rev/pkg/server/listener.go:243.29,244.56 1 1
golang-https-rev/pkg/server/listener.go:249.56,254.40 4 1
golang-https-rev/pkg/server/listener.go:254.40,256.3 1 0
golang-https-rev/pkg/server/listener.go:258.2,258.16 1 1
